[debug] [2025-06-29T19:54:20.971Z] ----------------------------------------------------------------------
[debug] [2025-06-29T19:54:20.973Z] Command:       /usr/local/bin/firebase /Users/krishanbandara/.cache/firebase/tools/lib/node_modules/firebase-tools/lib/bin/firebase emulators:start
[debug] [2025-06-29T19:54:20.973Z] CLI Version:   13.0.2
[debug] [2025-06-29T19:54:20.974Z] Platform:      darwin
[debug] [2025-06-29T19:54:20.974Z] Node Version:  v18.5.0
[debug] [2025-06-29T19:54:20.981Z] Time:          Mon Jun 30 2025 01:24:20 GMT+0530 (India Standard Time)
[debug] [2025-06-29T19:54:20.981Z] ----------------------------------------------------------------------
[debug] 
[debug] [2025-06-29T19:54:21.187Z] > command requires scopes: ["email","openid","https://www.googleapis.com/auth/cloudplatformprojects.readonly","https://www.googleapis.com/auth/firebase","https://www.googleapis.com/auth/cloud-platform"]
[debug] [2025-06-29T19:54:21.189Z] > authorizing via signed-in user (krishanbandara4444@gmail.com)
[debug] [2025-06-29T19:54:21.546Z] java version "24.0.1" 2025-04-15
Java(TM) SE Runtime Environment (build 24.0.1+9-30)
Java HotSpot(TM) 64-Bit Server VM (build 24.0.1+9-30, mixed mode, sharing)

[debug] [2025-06-29T19:54:21.553Z] Parsed Java major version: 24
[info] i  emulators: Starting emulators: auth, firestore, hosting {"metadata":{"emulator":{"name":"hub"},"message":"Starting emulators: auth, firestore, hosting"}}
[debug] [2025-06-29T19:54:22.810Z] [logging] Logging Emulator only supports listening on one address (127.0.0.1). Not listening on ::1
[debug] [2025-06-29T19:54:22.813Z] [auth] Authentication Emulator only supports listening on one address (127.0.0.1). Not listening on ::1
[debug] [2025-06-29T19:54:22.813Z] [firestore] Firestore Emulator only supports listening on one address (127.0.0.1). Not listening on ::1
[debug] [2025-06-29T19:54:22.813Z] [firestore.websocket] websocket server for firestore only supports listening on one address (127.0.0.1). Not listening on ::1
[warn] ⚠  hosting: Hosting Emulator unable to start on port 5001, starting on 5002 instead. {"metadata":{"emulator":{"name":"hosting"},"message":"Hosting Emulator unable to start on port 5001, starting on 5002 instead."}}
[debug] [2025-06-29T19:54:22.814Z] [hosting] Hosting Emulator only supports listening on one address (127.0.0.1). Not listening on ::1
[debug] [2025-06-29T19:54:22.814Z] assigned listening specs for emulators {"user":{"hub":[{"address":"127.0.0.1","family":"IPv4","port":4400},{"address":"::1","family":"IPv6","port":4400}],"ui":[{"address":"127.0.0.1","family":"IPv4","port":4000},{"address":"::1","family":"IPv6","port":4000}],"logging":[{"address":"127.0.0.1","family":"IPv4","port":4500}],"auth":[{"address":"127.0.0.1","family":"IPv4","port":9099}],"firestore":[{"address":"127.0.0.1","family":"IPv4","port":8080}],"firestore.websocket":[{"address":"127.0.0.1","family":"IPv4","port":9150}],"hosting":[{"address":"127.0.0.1","family":"IPv4","port":5002}]},"metadata":{"message":"assigned listening specs for emulators"}}
[debug] [2025-06-29T19:54:22.866Z] [hub] writing locator at /var/folders/sy/1nr3d4256xg9rwg4pwh9cpl80000gn/T/hub-result-road.json
[debug] [2025-06-29T19:54:22.907Z] Ignoring unsupported arg: auto_download {"metadata":{"emulator":{"name":"firestore"},"message":"Ignoring unsupported arg: auto_download"}}
[debug] [2025-06-29T19:54:22.908Z] Ignoring unsupported arg: single_project_mode_error {"metadata":{"emulator":{"name":"firestore"},"message":"Ignoring unsupported arg: single_project_mode_error"}}
[debug] [2025-06-29T19:54:22.908Z] Starting Firestore Emulator with command {"binary":"java","args":["-Dgoogle.cloud_firestore.debug_log_level=FINE","-Duser.language=en","-jar","/Users/krishanbandara/.cache/firebase/emulators/cloud-firestore-emulator-v1.18.2.jar","--host","127.0.0.1","--port",8080,"--websocket_port",9150,"--project_id","result-road","--rules","/Users/krishanbandara/Documents/upwork/result-road/result-road-web/firestore.rules","--single_project_mode",true],"optionalArgs":["port","webchannel_port","host","rules","websocket_port","functions_emulator","seed_from_export","project_id","single_project_mode"],"joinArgs":false} {"metadata":{"emulator":{"name":"firestore"},"message":"Starting Firestore Emulator with command {\"binary\":\"java\",\"args\":[\"-Dgoogle.cloud_firestore.debug_log_level=FINE\",\"-Duser.language=en\",\"-jar\",\"/Users/krishanbandara/.cache/firebase/emulators/cloud-firestore-emulator-v1.18.2.jar\",\"--host\",\"127.0.0.1\",\"--port\",8080,\"--websocket_port\",9150,\"--project_id\",\"result-road\",\"--rules\",\"/Users/krishanbandara/Documents/upwork/result-road/result-road-web/firestore.rules\",\"--single_project_mode\",true],\"optionalArgs\":[\"port\",\"webchannel_port\",\"host\",\"rules\",\"websocket_port\",\"functions_emulator\",\"seed_from_export\",\"project_id\",\"single_project_mode\"],\"joinArgs\":false}"}}
[info] i  firestore: Firestore Emulator logging to firestore-debug.log {"metadata":{"emulator":{"name":"firestore"},"message":"Firestore Emulator logging to \u001b[1mfirestore-debug.log\u001b[22m"}}
[debug] [2025-06-29T19:54:23.316Z] WARNING: A terminally deprecated method in sun.misc.Unsafe has been called
WARNING: sun.misc.Unsafe::objectFieldOffset has been called by io.netty.util.internal.PlatformDependent0$4 (file:/Users/krishanbandara/.cache/firebase/emulators/cloud-firestore-emulator-v1.18.2.jar)
WARNING: Please consider reporting this to the maintainers of class io.netty.util.internal.PlatformDependent0$4
WARNING: sun.misc.Unsafe::objectFieldOffset will be removed in a future release
 {"metadata":{"emulator":{"name":"firestore"},"message":"WARNING: A terminally deprecated method in sun.misc.Unsafe has been called\nWARNING: sun.misc.Unsafe::objectFieldOffset has been called by io.netty.util.internal.PlatformDependent0$4 (file:/Users/krishanbandara/.cache/firebase/emulators/cloud-firestore-emulator-v1.18.2.jar)\nWARNING: Please consider reporting this to the maintainers of class io.netty.util.internal.PlatformDependent0$4\nWARNING: sun.misc.Unsafe::objectFieldOffset will be removed in a future release\n"}}
[debug] [2025-06-29T19:54:23.757Z] Jun 30, 2025 1:24:23 AM com.google.cloud.datastore.emulator.firestore.websocket.WebSocketServer start
INFO: Started WebSocket server on ws://127.0.0.1:9150
 {"metadata":{"emulator":{"name":"firestore"},"message":"Jun 30, 2025 1:24:23 AM com.google.cloud.datastore.emulator.firestore.websocket.WebSocketServer start\nINFO: Started WebSocket server on ws://127.0.0.1:9150\n"}}
[debug] [2025-06-29T19:54:23.781Z] API endpoint: http://127.0.0.1:8080 {"metadata":{"emulator":{"name":"firestore"},"message":"API endpoint: http://127.0.0.1:8080"}}
[debug] [2025-06-29T19:54:23.781Z] 
If you are using a library that supports the FIRESTORE_EMULATOR_HOST environment variable, run:

   export FIRESTORE_EMULATOR_HOST=127.0.0.1:8080

Dev App Server is now running.

 {"metadata":{"emulator":{"name":"firestore"},"message":"\nIf you are using a library that supports the FIRESTORE_EMULATOR_HOST environment variable, run:\n\n   export FIRESTORE_EMULATOR_HOST=127.0.0.1:8080\n\nDev App Server is now running.\n\n"}}
[info] ✔  firestore: Firestore Emulator UI websocket is running on 9150. {"metadata":{"emulator":{"name":"firestore"},"message":"Firestore Emulator UI websocket is running on 9150."}}
[debug] [2025-06-29T19:54:29.729Z] >>> [apiv2][query] GET https://firebasehosting.googleapis.com/v1beta1/projects/result-road/sites 
[debug] [2025-06-29T19:54:31.152Z] <<< [apiv2][status] GET https://firebasehosting.googleapis.com/v1beta1/projects/result-road/sites 200
[debug] [2025-06-29T19:54:31.157Z] <<< [apiv2][body] GET https://firebasehosting.googleapis.com/v1beta1/projects/result-road/sites {"sites":[{"name":"projects/result-road/sites/result-road","defaultUrl":"https://result-road.web.app","type":"DEFAULT_SITE"}]}
[debug] [2025-06-29T19:54:31.159Z] >>> [apiv2][query] GET https://firebase.googleapis.com/v1beta1/projects/result-road/webApps/-/config [none]
[debug] [2025-06-29T19:54:32.469Z] <<< [apiv2][status] GET https://firebase.googleapis.com/v1beta1/projects/result-road/webApps/-/config 200
[debug] [2025-06-29T19:54:32.471Z] <<< [apiv2][body] GET https://firebase.googleapis.com/v1beta1/projects/result-road/webApps/-/config {"projectId":"result-road","appId":"1:228298622528:web:a885e0a7324fd5ec7d41a5","storageBucket":"result-road.firebasestorage.app","apiKey":"AIzaSyC1lwYJNR6pbc6vi8PT2Me34toF0mILsb4","authDomain":"result-road.firebaseapp.com","messagingSenderId":"228298622528","measurementId":"G-6F07GGR89R"}
[debug] [2025-06-29T19:54:32.494Z] >>> [apiv2][query] GET https://firebase.googleapis.com/v1beta1/projects/result-road [none]
[debug] [2025-06-29T19:54:33.494Z] <<< [apiv2][status] GET https://firebase.googleapis.com/v1beta1/projects/result-road 200
[debug] [2025-06-29T19:54:33.495Z] <<< [apiv2][body] GET https://firebase.googleapis.com/v1beta1/projects/result-road {"projectId":"result-road","projectNumber":"228298622528","displayName":"result-road","name":"projects/result-road","resources":{"hostingSite":"result-road"},"state":"ACTIVE","etag":"1_04fb180f-1e08-4f88-b199-13926cf668c6"}
[debug] [2025-06-29T19:54:33.496Z] Specified "public" directory "out" does not exist; Deploy to Hosting site "result-road" may fail or be empty.
[info] i  hosting[result-road]: Serving hosting files from: out {"metadata":{"emulator":{"name":"hosting"},"message":"Serving hosting files from: \u001b[1mout\u001b[22m"}}
[info] ✔  hosting[result-road]: Local server: http://127.0.0.1:5002 {"metadata":{"emulator":{"name":"hosting"},"message":"Local server: \u001b[4m\u001b[1mhttp://127.0.0.1:5002\u001b[22m\u001b[24m"}}
[info] i  ui: downloading ui-v1.11.7.zip... {"metadata":{"emulator":{"name":"ui"},"message":"downloading ui-v1.11.7.zip..."}}
[debug] [2025-06-29T19:54:33.872Z] >>> [apiv2][query] GET https://storage.googleapis.com/firebase-preview-drop/emulator/ui-v1.11.7.zip 
[debug] [2025-06-29T19:54:34.584Z] <<< [apiv2][status] GET https://storage.googleapis.com/firebase-preview-drop/emulator/ui-v1.11.7.zip 200
[debug] [2025-06-29T19:54:34.584Z] <<< [apiv2][body] GET https://storage.googleapis.com/firebase-preview-drop/emulator/ui-v1.11.7.zip [stream]
[debug] [2025-06-29T19:54:36.559Z] Data is 3064105
[debug] [2025-06-29T19:54:36.563Z] [unzip] Entry: client/ (compressed_size=0 bytes, uncompressed_size=0 bytes)
[debug] [2025-06-29T19:54:36.563Z] [unzip] Processing entry: client/
[debug] [2025-06-29T19:54:36.563Z] [unzip] mkdir: /Users/krishanbandara/.cache/firebase/emulators/ui-v1.11.7/client/
[debug] [2025-06-29T19:54:36.565Z] [unzip] Entry: client/favicon.ico (compressed_size=2497 bytes, uncompressed_size=7406 bytes)
[debug] [2025-06-29T19:54:36.565Z] [unzip] Processing entry: client/favicon.ico
[debug] [2025-06-29T19:54:36.565Z] [unzip] else mkdir: /Users/krishanbandara/.cache/firebase/emulators/ui-v1.11.7/client
[debug] [2025-06-29T19:54:36.566Z] [unzip] deflating: /Users/krishanbandara/.cache/firebase/emulators/ui-v1.11.7/client/favicon.ico
[debug] [2025-06-29T19:54:36.573Z] [unzip] Entry: client/apple-touch-icon.png (compressed_size=7231 bytes, uncompressed_size=7367 bytes)
[debug] [2025-06-29T19:54:36.574Z] [unzip] Processing entry: client/apple-touch-icon.png
[debug] [2025-06-29T19:54:36.574Z] [unzip] else mkdir: /Users/krishanbandara/.cache/firebase/emulators/ui-v1.11.7/client
[debug] [2025-06-29T19:54:36.574Z] [unzip] deflating: /Users/krishanbandara/.cache/firebase/emulators/ui-v1.11.7/client/apple-touch-icon.png
[debug] [2025-06-29T19:54:36.576Z] [unzip] Entry: client/android-chrome-512x512.png (compressed_size=16987 bytes, uncompressed_size=18186 bytes)
[debug] [2025-06-29T19:54:36.576Z] [unzip] Processing entry: client/android-chrome-512x512.png
[debug] [2025-06-29T19:54:36.576Z] [unzip] else mkdir: /Users/krishanbandara/.cache/firebase/emulators/ui-v1.11.7/client
[debug] [2025-06-29T19:54:36.576Z] [unzip] deflating: /Users/krishanbandara/.cache/firebase/emulators/ui-v1.11.7/client/android-chrome-512x512.png
[debug] [2025-06-29T19:54:36.580Z] [unzip] Entry: client/assets/ (compressed_size=0 bytes, uncompressed_size=0 bytes)
[debug] [2025-06-29T19:54:36.580Z] [unzip] Processing entry: client/assets/
[debug] [2025-06-29T19:54:36.580Z] [unzip] mkdir: /Users/krishanbandara/.cache/firebase/emulators/ui-v1.11.7/client/assets/
[debug] [2025-06-29T19:54:36.580Z] [unzip] Entry: client/assets/extensions/ (compressed_size=0 bytes, uncompressed_size=0 bytes)
[debug] [2025-06-29T19:54:36.580Z] [unzip] Processing entry: client/assets/extensions/
[debug] [2025-06-29T19:54:36.580Z] [unzip] mkdir: /Users/krishanbandara/.cache/firebase/emulators/ui-v1.11.7/client/assets/extensions/
[debug] [2025-06-29T19:54:36.580Z] [unzip] Entry: client/assets/extensions/default-extension.png (compressed_size=1646 bytes, uncompressed_size=1657 bytes)
[debug] [2025-06-29T19:54:36.580Z] [unzip] Processing entry: client/assets/extensions/default-extension.png
[debug] [2025-06-29T19:54:36.580Z] [unzip] else mkdir: /Users/krishanbandara/.cache/firebase/emulators/ui-v1.11.7/client/assets/extensions
[debug] [2025-06-29T19:54:36.580Z] [unzip] deflating: /Users/krishanbandara/.cache/firebase/emulators/ui-v1.11.7/client/assets/extensions/default-extension.png
[debug] [2025-06-29T19:54:36.581Z] [unzip] Entry: client/assets/index.58ca09f7.css (compressed_size=37601 bytes, uncompressed_size=321252 bytes)
[debug] [2025-06-29T19:54:36.581Z] [unzip] Processing entry: client/assets/index.58ca09f7.css
[debug] [2025-06-29T19:54:36.581Z] [unzip] else mkdir: /Users/krishanbandara/.cache/firebase/emulators/ui-v1.11.7/client/assets
[debug] [2025-06-29T19:54:36.582Z] [unzip] deflating: /Users/krishanbandara/.cache/firebase/emulators/ui-v1.11.7/client/assets/index.58ca09f7.css
[debug] [2025-06-29T19:54:36.585Z] [unzip] Entry: client/assets/index.c2583d42.js (compressed_size=526232 bytes, uncompressed_size=1860152 bytes)
[debug] [2025-06-29T19:54:36.585Z] [unzip] Processing entry: client/assets/index.c2583d42.js
[debug] [2025-06-29T19:54:36.585Z] [unzip] else mkdir: /Users/krishanbandara/.cache/firebase/emulators/ui-v1.11.7/client/assets
[debug] [2025-06-29T19:54:36.585Z] [unzip] deflating: /Users/krishanbandara/.cache/firebase/emulators/ui-v1.11.7/client/assets/index.c2583d42.js
[debug] [2025-06-29T19:54:36.669Z] [unzip] Entry: client/assets/provider-icons/ (compressed_size=0 bytes, uncompressed_size=0 bytes)
[debug] [2025-06-29T19:54:36.673Z] [unzip] Processing entry: client/assets/provider-icons/
[debug] [2025-06-29T19:54:36.673Z] [unzip] mkdir: /Users/krishanbandara/.cache/firebase/emulators/ui-v1.11.7/client/assets/provider-icons/
[debug] [2025-06-29T19:54:36.677Z] [unzip] Entry: client/assets/provider-icons/auth_service_oidc.svg (compressed_size=414 bytes, uncompressed_size=858 bytes)
[debug] [2025-06-29T19:54:36.678Z] [unzip] Processing entry: client/assets/provider-icons/auth_service_oidc.svg
[debug] [2025-06-29T19:54:36.678Z] [unzip] else mkdir: /Users/krishanbandara/.cache/firebase/emulators/ui-v1.11.7/client/assets/provider-icons
[debug] [2025-06-29T19:54:36.678Z] [unzip] deflating: /Users/krishanbandara/.cache/firebase/emulators/ui-v1.11.7/client/assets/provider-icons/auth_service_oidc.svg
[debug] [2025-06-29T19:54:36.684Z] [unzip] Entry: client/assets/provider-icons/auth_service_yahoo.svg (compressed_size=577 bytes, uncompressed_size=1182 bytes)
[debug] [2025-06-29T19:54:36.685Z] [unzip] Processing entry: client/assets/provider-icons/auth_service_yahoo.svg
[debug] [2025-06-29T19:54:36.685Z] [unzip] else mkdir: /Users/krishanbandara/.cache/firebase/emulators/ui-v1.11.7/client/assets/provider-icons
[debug] [2025-06-29T19:54:36.686Z] [unzip] deflating: /Users/krishanbandara/.cache/firebase/emulators/ui-v1.11.7/client/assets/provider-icons/auth_service_yahoo.svg
[debug] [2025-06-29T19:54:36.689Z] [unzip] Entry: client/assets/provider-icons/auth_service_phone.svg (compressed_size=261 bytes, uncompressed_size=414 bytes)
[debug] [2025-06-29T19:54:36.690Z] [unzip] Processing entry: client/assets/provider-icons/auth_service_phone.svg
[debug] [2025-06-29T19:54:36.690Z] [unzip] else mkdir: /Users/krishanbandara/.cache/firebase/emulators/ui-v1.11.7/client/assets/provider-icons
[debug] [2025-06-29T19:54:36.690Z] [unzip] deflating: /Users/krishanbandara/.cache/firebase/emulators/ui-v1.11.7/client/assets/provider-icons/auth_service_phone.svg
[debug] [2025-06-29T19:54:36.693Z] [unzip] Entry: client/assets/provider-icons/auth_service_saml.svg (compressed_size=575 bytes, uncompressed_size=1226 bytes)
[debug] [2025-06-29T19:54:36.693Z] [unzip] Processing entry: client/assets/provider-icons/auth_service_saml.svg
[debug] [2025-06-29T19:54:36.693Z] [unzip] else mkdir: /Users/krishanbandara/.cache/firebase/emulators/ui-v1.11.7/client/assets/provider-icons
[debug] [2025-06-29T19:54:36.694Z] [unzip] deflating: /Users/krishanbandara/.cache/firebase/emulators/ui-v1.11.7/client/assets/provider-icons/auth_service_saml.svg
[debug] [2025-06-29T19:54:36.697Z] [unzip] Entry: client/assets/provider-icons/auth_service_mslive.svg (compressed_size=203 bytes, uncompressed_size=378 bytes)
[debug] [2025-06-29T19:54:36.697Z] [unzip] Processing entry: client/assets/provider-icons/auth_service_mslive.svg
[debug] [2025-06-29T19:54:36.697Z] [unzip] else mkdir: /Users/krishanbandara/.cache/firebase/emulators/ui-v1.11.7/client/assets/provider-icons
[debug] [2025-06-29T19:54:36.699Z] [unzip] deflating: /Users/krishanbandara/.cache/firebase/emulators/ui-v1.11.7/client/assets/provider-icons/auth_service_mslive.svg
[debug] [2025-06-29T19:54:36.702Z] [unzip] Entry: client/assets/provider-icons/auth_service_facebook.svg (compressed_size=289 bytes, uncompressed_size=457 bytes)
[debug] [2025-06-29T19:54:36.702Z] [unzip] Processing entry: client/assets/provider-icons/auth_service_facebook.svg
[debug] [2025-06-29T19:54:36.702Z] [unzip] else mkdir: /Users/krishanbandara/.cache/firebase/emulators/ui-v1.11.7/client/assets/provider-icons
[debug] [2025-06-29T19:54:36.703Z] [unzip] deflating: /Users/krishanbandara/.cache/firebase/emulators/ui-v1.11.7/client/assets/provider-icons/auth_service_facebook.svg
[debug] [2025-06-29T19:54:36.704Z] [unzip] Entry: client/assets/provider-icons/auth_service_play_games.svg (compressed_size=565 bytes, uncompressed_size=1173 bytes)
[debug] [2025-06-29T19:54:36.704Z] [unzip] Processing entry: client/assets/provider-icons/auth_service_play_games.svg
[debug] [2025-06-29T19:54:36.704Z] [unzip] else mkdir: /Users/krishanbandara/.cache/firebase/emulators/ui-v1.11.7/client/assets/provider-icons
[debug] [2025-06-29T19:54:36.704Z] [unzip] deflating: /Users/krishanbandara/.cache/firebase/emulators/ui-v1.11.7/client/assets/provider-icons/auth_service_play_games.svg
[debug] [2025-06-29T19:54:36.705Z] [unzip] Entry: client/assets/provider-icons/auth_service_github.svg (compressed_size=466 bytes, uncompressed_size=838 bytes)
[debug] [2025-06-29T19:54:36.705Z] [unzip] Processing entry: client/assets/provider-icons/auth_service_github.svg
[debug] [2025-06-29T19:54:36.705Z] [unzip] else mkdir: /Users/krishanbandara/.cache/firebase/emulators/ui-v1.11.7/client/assets/provider-icons
[debug] [2025-06-29T19:54:36.706Z] [unzip] deflating: /Users/krishanbandara/.cache/firebase/emulators/ui-v1.11.7/client/assets/provider-icons/auth_service_github.svg
[debug] [2025-06-29T19:54:36.708Z] [unzip] Entry: client/assets/provider-icons/auth_service_apple.svg (compressed_size=230 bytes, uncompressed_size=334 bytes)
[debug] [2025-06-29T19:54:36.708Z] [unzip] Processing entry: client/assets/provider-icons/auth_service_apple.svg
[debug] [2025-06-29T19:54:36.708Z] [unzip] else mkdir: /Users/krishanbandara/.cache/firebase/emulators/ui-v1.11.7/client/assets/provider-icons
[debug] [2025-06-29T19:54:36.709Z] [unzip] deflating: /Users/krishanbandara/.cache/firebase/emulators/ui-v1.11.7/client/assets/provider-icons/auth_service_apple.svg
[debug] [2025-06-29T19:54:36.711Z] [unzip] Entry: client/assets/provider-icons/auth_service_google.svg (compressed_size=409 bytes, uncompressed_size=720 bytes)
[debug] [2025-06-29T19:54:36.711Z] [unzip] Processing entry: client/assets/provider-icons/auth_service_google.svg
[debug] [2025-06-29T19:54:36.711Z] [unzip] else mkdir: /Users/krishanbandara/.cache/firebase/emulators/ui-v1.11.7/client/assets/provider-icons
[debug] [2025-06-29T19:54:36.711Z] [unzip] deflating: /Users/krishanbandara/.cache/firebase/emulators/ui-v1.11.7/client/assets/provider-icons/auth_service_google.svg
[debug] [2025-06-29T19:54:36.717Z] [unzip] Entry: client/assets/provider-icons/auth_service_email.svg (compressed_size=228 bytes, uncompressed_size=326 bytes)
[debug] [2025-06-29T19:54:36.717Z] [unzip] Processing entry: client/assets/provider-icons/auth_service_email.svg
[debug] [2025-06-29T19:54:36.717Z] [unzip] else mkdir: /Users/krishanbandara/.cache/firebase/emulators/ui-v1.11.7/client/assets/provider-icons
[debug] [2025-06-29T19:54:36.717Z] [unzip] deflating: /Users/krishanbandara/.cache/firebase/emulators/ui-v1.11.7/client/assets/provider-icons/auth_service_email.svg
[debug] [2025-06-29T19:54:36.718Z] [unzip] Entry: client/assets/provider-icons/auth_service_twitter.svg (compressed_size=444 bytes, uncompressed_size=751 bytes)
[debug] [2025-06-29T19:54:36.718Z] [unzip] Processing entry: client/assets/provider-icons/auth_service_twitter.svg
[debug] [2025-06-29T19:54:36.718Z] [unzip] else mkdir: /Users/krishanbandara/.cache/firebase/emulators/ui-v1.11.7/client/assets/provider-icons
[debug] [2025-06-29T19:54:36.718Z] [unzip] deflating: /Users/krishanbandara/.cache/firebase/emulators/ui-v1.11.7/client/assets/provider-icons/auth_service_twitter.svg
[debug] [2025-06-29T19:54:36.718Z] [unzip] Entry: client/assets/provider-icons/auth_service_game_center.svg (compressed_size=991 bytes, uncompressed_size=3921 bytes)
[debug] [2025-06-29T19:54:36.718Z] [unzip] Processing entry: client/assets/provider-icons/auth_service_game_center.svg
[debug] [2025-06-29T19:54:36.718Z] [unzip] else mkdir: /Users/krishanbandara/.cache/firebase/emulators/ui-v1.11.7/client/assets/provider-icons
[debug] [2025-06-29T19:54:36.718Z] [unzip] deflating: /Users/krishanbandara/.cache/firebase/emulators/ui-v1.11.7/client/assets/provider-icons/auth_service_game_center.svg
[debug] [2025-06-29T19:54:36.719Z] [unzip] Entry: client/assets/index.c2583d42.js.map (compressed_size=1778557 bytes, uncompressed_size=7961927 bytes)
[debug] [2025-06-29T19:54:36.719Z] [unzip] Processing entry: client/assets/index.c2583d42.js.map
[debug] [2025-06-29T19:54:36.719Z] [unzip] else mkdir: /Users/krishanbandara/.cache/firebase/emulators/ui-v1.11.7/client/assets
[debug] [2025-06-29T19:54:36.719Z] [unzip] deflating: /Users/krishanbandara/.cache/firebase/emulators/ui-v1.11.7/client/assets/index.c2583d42.js.map
[debug] [2025-06-29T19:54:36.760Z] [unzip] Entry: client/assets/img/ (compressed_size=0 bytes, uncompressed_size=0 bytes)
[debug] [2025-06-29T19:54:36.760Z] [unzip] Processing entry: client/assets/img/
[debug] [2025-06-29T19:54:36.760Z] [unzip] mkdir: /Users/krishanbandara/.cache/firebase/emulators/ui-v1.11.7/client/assets/img/
[debug] [2025-06-29T19:54:36.761Z] [unzip] Entry: client/assets/img/database.png (compressed_size=29449 bytes, uncompressed_size=29988 bytes)
[debug] [2025-06-29T19:54:36.761Z] [unzip] Processing entry: client/assets/img/database.png
[debug] [2025-06-29T19:54:36.761Z] [unzip] else mkdir: /Users/krishanbandara/.cache/firebase/emulators/ui-v1.11.7/client/assets/img
[debug] [2025-06-29T19:54:36.761Z] [unzip] deflating: /Users/krishanbandara/.cache/firebase/emulators/ui-v1.11.7/client/assets/img/database.png
[debug] [2025-06-29T19:54:36.764Z] [unzip] Entry: client/safari-pinned-tab.svg (compressed_size=838 bytes, uncompressed_size=1504 bytes)
[debug] [2025-06-29T19:54:36.764Z] [unzip] Processing entry: client/safari-pinned-tab.svg
[debug] [2025-06-29T19:54:36.764Z] [unzip] else mkdir: /Users/krishanbandara/.cache/firebase/emulators/ui-v1.11.7/client
[debug] [2025-06-29T19:54:36.764Z] [unzip] deflating: /Users/krishanbandara/.cache/firebase/emulators/ui-v1.11.7/client/safari-pinned-tab.svg
[debug] [2025-06-29T19:54:36.766Z] [unzip] Entry: client/mstile-150x150.png (compressed_size=5406 bytes, uncompressed_size=5723 bytes)
[debug] [2025-06-29T19:54:36.766Z] [unzip] Processing entry: client/mstile-150x150.png
[debug] [2025-06-29T19:54:36.766Z] [unzip] else mkdir: /Users/krishanbandara/.cache/firebase/emulators/ui-v1.11.7/client
[debug] [2025-06-29T19:54:36.766Z] [unzip] deflating: /Users/krishanbandara/.cache/firebase/emulators/ui-v1.11.7/client/mstile-150x150.png
[debug] [2025-06-29T19:54:36.766Z] [unzip] Entry: client/browserconfig.xml (compressed_size=491 bytes, uncompressed_size=822 bytes)
[debug] [2025-06-29T19:54:36.766Z] [unzip] Processing entry: client/browserconfig.xml
[debug] [2025-06-29T19:54:36.766Z] [unzip] else mkdir: /Users/krishanbandara/.cache/firebase/emulators/ui-v1.11.7/client
[debug] [2025-06-29T19:54:36.766Z] [unzip] deflating: /Users/krishanbandara/.cache/firebase/emulators/ui-v1.11.7/client/browserconfig.xml
[debug] [2025-06-29T19:54:36.767Z] [unzip] Entry: client/robots.txt (compressed_size=26 bytes, uncompressed_size=26 bytes)
[debug] [2025-06-29T19:54:36.767Z] [unzip] Processing entry: client/robots.txt
[debug] [2025-06-29T19:54:36.767Z] [unzip] else mkdir: /Users/krishanbandara/.cache/firebase/emulators/ui-v1.11.7/client
[debug] [2025-06-29T19:54:36.767Z] [unzip] Writing file: /Users/krishanbandara/.cache/firebase/emulators/ui-v1.11.7/client/robots.txt
[debug] [2025-06-29T19:54:36.768Z] [unzip] Entry: client/index.html (compressed_size=1363 bytes, uncompressed_size=3064 bytes)
[debug] [2025-06-29T19:54:36.768Z] [unzip] Processing entry: client/index.html
[debug] [2025-06-29T19:54:36.768Z] [unzip] else mkdir: /Users/krishanbandara/.cache/firebase/emulators/ui-v1.11.7/client
[debug] [2025-06-29T19:54:36.768Z] [unzip] deflating: /Users/krishanbandara/.cache/firebase/emulators/ui-v1.11.7/client/index.html
[debug] [2025-06-29T19:54:36.768Z] [unzip] Entry: client/favicon-16x16.png (compressed_size=757 bytes, uncompressed_size=777 bytes)
[debug] [2025-06-29T19:54:36.768Z] [unzip] Processing entry: client/favicon-16x16.png
[debug] [2025-06-29T19:54:36.768Z] [unzip] else mkdir: /Users/krishanbandara/.cache/firebase/emulators/ui-v1.11.7/client
[debug] [2025-06-29T19:54:36.768Z] [unzip] deflating: /Users/krishanbandara/.cache/firebase/emulators/ui-v1.11.7/client/favicon-16x16.png
[debug] [2025-06-29T19:54:36.769Z] [unzip] Entry: client/manifest.json (compressed_size=246 bytes, uncompressed_size=551 bytes)
[debug] [2025-06-29T19:54:36.769Z] [unzip] Processing entry: client/manifest.json
[debug] [2025-06-29T19:54:36.769Z] [unzip] else mkdir: /Users/krishanbandara/.cache/firebase/emulators/ui-v1.11.7/client
[debug] [2025-06-29T19:54:36.769Z] [unzip] deflating: /Users/krishanbandara/.cache/firebase/emulators/ui-v1.11.7/client/manifest.json
[debug] [2025-06-29T19:54:36.773Z] [unzip] Entry: client/favicon-32x32.png (compressed_size=1175 bytes, uncompressed_size=1175 bytes)
[debug] [2025-06-29T19:54:36.773Z] [unzip] Processing entry: client/favicon-32x32.png
[debug] [2025-06-29T19:54:36.773Z] [unzip] else mkdir: /Users/krishanbandara/.cache/firebase/emulators/ui-v1.11.7/client
[debug] [2025-06-29T19:54:36.773Z] [unzip] Writing file: /Users/krishanbandara/.cache/firebase/emulators/ui-v1.11.7/client/favicon-32x32.png
[debug] [2025-06-29T19:54:36.774Z] [unzip] Entry: client/android-chrome-192x192.png (compressed_size=7602 bytes, uncompressed_size=7834 bytes)
[debug] [2025-06-29T19:54:36.774Z] [unzip] Processing entry: client/android-chrome-192x192.png
[debug] [2025-06-29T19:54:36.774Z] [unzip] else mkdir: /Users/krishanbandara/.cache/firebase/emulators/ui-v1.11.7/client
[debug] [2025-06-29T19:54:36.774Z] [unzip] deflating: /Users/krishanbandara/.cache/firebase/emulators/ui-v1.11.7/client/android-chrome-192x192.png
[debug] [2025-06-29T19:54:36.774Z] [unzip] Entry: server/ (compressed_size=0 bytes, uncompressed_size=0 bytes)
[debug] [2025-06-29T19:54:36.775Z] [unzip] Processing entry: server/
[debug] [2025-06-29T19:54:36.775Z] [unzip] mkdir: /Users/krishanbandara/.cache/firebase/emulators/ui-v1.11.7/server/
[debug] [2025-06-29T19:54:36.775Z] [unzip] Entry: server/server.js (compressed_size=343746 bytes, uncompressed_size=1346374 bytes)
[debug] [2025-06-29T19:54:36.775Z] [unzip] Processing entry: server/server.js
[debug] [2025-06-29T19:54:36.775Z] [unzip] else mkdir: /Users/krishanbandara/.cache/firebase/emulators/ui-v1.11.7/server
[debug] [2025-06-29T19:54:36.775Z] [unzip] deflating: /Users/krishanbandara/.cache/firebase/emulators/ui-v1.11.7/server/server.js
[debug] [2025-06-29T19:54:36.791Z] [unzip] Entry: server/server.js.map (compressed_size=289157 bytes, uncompressed_size=1325651 bytes)
[debug] [2025-06-29T19:54:36.791Z] [unzip] Processing entry: server/server.js.map
[debug] [2025-06-29T19:54:36.791Z] [unzip] else mkdir: /Users/krishanbandara/.cache/firebase/emulators/ui-v1.11.7/server
[debug] [2025-06-29T19:54:36.791Z] [unzip] deflating: /Users/krishanbandara/.cache/firebase/emulators/ui-v1.11.7/server/server.js.map
[debug] [2025-06-29T19:54:36.803Z] Ignoring unsupported arg: auto_download {"metadata":{"emulator":{"name":"ui"},"message":"Ignoring unsupported arg: auto_download"}}
[debug] [2025-06-29T19:54:36.803Z] Ignoring unsupported arg: port {"metadata":{"emulator":{"name":"ui"},"message":"Ignoring unsupported arg: port"}}
[debug] [2025-06-29T19:54:36.803Z] Starting Emulator UI with command {"binary":"node","args":["/Users/krishanbandara/.cache/firebase/emulators/ui-v1.11.7/server/server.js"],"optionalArgs":[],"joinArgs":false} {"metadata":{"emulator":{"name":"ui"},"message":"Starting Emulator UI with command {\"binary\":\"node\",\"args\":[\"/Users/krishanbandara/.cache/firebase/emulators/ui-v1.11.7/server/server.js\"],\"optionalArgs\":[],\"joinArgs\":false}"}}
[info] i  ui: Emulator UI logging to ui-debug.log {"metadata":{"emulator":{"name":"ui"},"message":"Emulator UI logging to \u001b[1mui-debug.log\u001b[22m"}}
[debug] [2025-06-29T19:54:37.153Z] Web / API server started at 127.0.0.1:4000
 {"metadata":{"emulator":{"name":"ui"},"message":"Web / API server started at 127.0.0.1:4000\n"}}
[debug] [2025-06-29T19:54:37.155Z] Web / API server started at ::1:4000
 {"metadata":{"emulator":{"name":"ui"},"message":"Web / API server started at ::1:4000\n"}}
[info] 
┌─────────────────────────────────────────────────────────────┐
│ ✔  All emulators ready! It is now safe to connect your app. │
│ i  View Emulator UI at http://127.0.0.1:4000/               │
└─────────────────────────────────────────────────────────────┘

┌────────────────┬────────────────┬─────────────────────────────────┐
│ Emulator       │ Host:Port      │ View in Emulator UI             │
├────────────────┼────────────────┼─────────────────────────────────┤
│ Authentication │ 127.0.0.1:9099 │ http://127.0.0.1:4000/auth      │
├────────────────┼────────────────┼─────────────────────────────────┤
│ Firestore      │ 127.0.0.1:8080 │ http://127.0.0.1:4000/firestore │
├────────────────┼────────────────┼─────────────────────────────────┤
│ Hosting        │ 127.0.0.1:5002 │ n/a                             │
└────────────────┴────────────────┴─────────────────────────────────┘
  Emulator Hub running at 127.0.0.1:4400
  Other reserved ports: 4500, 9150

Issues? Report them at https://github.com/firebase/firebase-tools/issues and attach the *-debug.log files.
 
[warn] ⚠  Received a signed JWT. Auth Emulator does not validate JWTs and IS NOT SECURE {"metadata":{"emulator":{"name":"auth"},"message":"Received a signed JWT. Auth Emulator does not validate JWTs and IS NOT SECURE"}}
[debug] [2025-06-29T20:00:15.934Z] Jun 30, 2025 1:30:15 AM io.gapi.emulators.netty.HttpVersionRoutingHandler channelRead
INFO: Detected non-HTTP/2 connection.
Jun 30, 2025 1:30:15 AM io.gapi.emulators.netty.HttpVersionRoutingHandler channelRead
INFO: Detected non-HTTP/2 connection.
 {"metadata":{"emulator":{"name":"firestore"},"message":"Jun 30, 2025 1:30:15 AM io.gapi.emulators.netty.HttpVersionRoutingHandler channelRead\nINFO: Detected non-HTTP/2 connection.\nJun 30, 2025 1:30:15 AM io.gapi.emulators.netty.HttpVersionRoutingHandler channelRead\nINFO: Detected non-HTTP/2 connection.\n"}}
[debug] [2025-06-29T20:00:16.929Z] Jun 30, 2025 1:30:16 AM io.gapi.emulators.netty.HttpVersionRoutingHandler channelRead
INFO: Detected non-HTTP/2 connection.
 {"metadata":{"emulator":{"name":"firestore"},"message":"Jun 30, 2025 1:30:16 AM io.gapi.emulators.netty.HttpVersionRoutingHandler channelRead\nINFO: Detected non-HTTP/2 connection.\n"}}
[debug] [2025-06-29T20:00:16.941Z] Jun 30, 2025 1:30:16 AM io.gapi.emulators.netty.HttpVersionRoutingHandler channelRead
INFO: Detected non-HTTP/2 connection.
 {"metadata":{"emulator":{"name":"firestore"},"message":"Jun 30, 2025 1:30:16 AM io.gapi.emulators.netty.HttpVersionRoutingHandler channelRead\nINFO: Detected non-HTTP/2 connection.\n"}}
[debug] [2025-06-29T20:00:17.030Z] Jun 30, 2025 1:30:17 AM io.gapi.emulators.netty.HttpVersionRoutingHandler channelRead
INFO: Detected non-HTTP/2 connection.
 {"metadata":{"emulator":{"name":"firestore"},"message":"Jun 30, 2025 1:30:17 AM io.gapi.emulators.netty.HttpVersionRoutingHandler channelRead\nINFO: Detected non-HTTP/2 connection.\n"}}
[debug] [2025-06-29T20:00:17.059Z] Jun 30, 2025 1:30:17 AM io.gapi.emulators.netty.HttpVersionRoutingHandler channelRead
INFO: Detected non-HTTP/2 connection.
 {"metadata":{"emulator":{"name":"firestore"},"message":"Jun 30, 2025 1:30:17 AM io.gapi.emulators.netty.HttpVersionRoutingHandler channelRead\nINFO: Detected non-HTTP/2 connection.\n"}}
[debug] [2025-06-29T20:01:17.110Z] Jun 30, 2025 1:31:17 AM io.gapi.emulators.netty.HttpVersionRoutingHandler channelRead
INFO: Detected non-HTTP/2 connection.
Jun 30, 2025 1:31:17 AM io.gapi.emulators.netty.HttpVersionRoutingHandler channelRead
INFO: Detected non-HTTP/2 connection.
 {"metadata":{"emulator":{"name":"firestore"},"message":"Jun 30, 2025 1:31:17 AM io.gapi.emulators.netty.HttpVersionRoutingHandler channelRead\nINFO: Detected non-HTTP/2 connection.\nJun 30, 2025 1:31:17 AM io.gapi.emulators.netty.HttpVersionRoutingHandler channelRead\nINFO: Detected non-HTTP/2 connection.\n"}}
[debug] [2025-06-29T20:01:17.123Z] Jun 30, 2025 1:31:17 AM io.gapi.emulators.netty.HttpVersionRoutingHandler channelRead
INFO: Detected non-HTTP/2 connection.
Jun 30, 2025 1:31:17 AM com.google.cloud.datastore.emulator.firestore.webchannel.FirestoreV1WebChannelAdapter$FirestoreListenHandler onClose
INFO: channel closed
Jun 30, 2025 1:31:17 AM com.google.cloud.datastore.emulator.firestore.webchannel.FirestoreV1WebChannelAdapter$FirestoreWriteHandler onClose
INFO: channel closed
 {"metadata":{"emulator":{"name":"firestore"},"message":"Jun 30, 2025 1:31:17 AM io.gapi.emulators.netty.HttpVersionRoutingHandler channelRead\nINFO: Detected non-HTTP/2 connection.\nJun 30, 2025 1:31:17 AM com.google.cloud.datastore.emulator.firestore.webchannel.FirestoreV1WebChannelAdapter$FirestoreListenHandler onClose\nINFO: channel closed\nJun 30, 2025 1:31:17 AM com.google.cloud.datastore.emulator.firestore.webchannel.FirestoreV1WebChannelAdapter$FirestoreWriteHandler onClose\nINFO: channel closed\n"}}
[debug] [2025-06-29T20:12:28.983Z] Jun 30, 2025 1:42:28 AM io.gapi.emulators.netty.HttpVersionRoutingHandler channelRead
INFO: Detected non-HTTP/2 connection.
 {"metadata":{"emulator":{"name":"firestore"},"message":"Jun 30, 2025 1:42:28 AM io.gapi.emulators.netty.HttpVersionRoutingHandler channelRead\nINFO: Detected non-HTTP/2 connection.\n"}}
[debug] [2025-06-29T20:12:29.165Z] Jun 30, 2025 1:42:29 AM io.gapi.emulators.netty.HttpVersionRoutingHandler channelRead
INFO: Detected non-HTTP/2 connection.
 {"metadata":{"emulator":{"name":"firestore"},"message":"Jun 30, 2025 1:42:29 AM io.gapi.emulators.netty.HttpVersionRoutingHandler channelRead\nINFO: Detected non-HTTP/2 connection.\n"}}
[debug] [2025-06-29T20:12:29.177Z] Jun 30, 2025 1:42:29 AM io.gapi.emulators.netty.HttpVersionRoutingHandler channelRead
INFO: Detected non-HTTP/2 connection.
 {"metadata":{"emulator":{"name":"firestore"},"message":"Jun 30, 2025 1:42:29 AM io.gapi.emulators.netty.HttpVersionRoutingHandler channelRead\nINFO: Detected non-HTTP/2 connection.\n"}}
[debug] [2025-06-29T20:12:35.522Z] Jun 30, 2025 1:42:35 AM io.gapi.emulators.netty.HttpVersionRoutingHandler channelRead
INFO: Detected non-HTTP/2 connection.
 {"metadata":{"emulator":{"name":"firestore"},"message":"Jun 30, 2025 1:42:35 AM io.gapi.emulators.netty.HttpVersionRoutingHandler channelRead\nINFO: Detected non-HTTP/2 connection.\n"}}
[debug] [2025-06-29T20:12:36.194Z] Jun 30, 2025 1:42:36 AM io.gapi.emulators.netty.HttpVersionRoutingHandler channelRead
INFO: Detected non-HTTP/2 connection.
 {"metadata":{"emulator":{"name":"firestore"},"message":"Jun 30, 2025 1:42:36 AM io.gapi.emulators.netty.HttpVersionRoutingHandler channelRead\nINFO: Detected non-HTTP/2 connection.\n"}}
[debug] [2025-06-29T20:12:36.276Z] Jun 30, 2025 1:42:36 AM io.gapi.emulators.netty.HttpVersionRoutingHandler channelRead
INFO: Detected non-HTTP/2 connection.
 {"metadata":{"emulator":{"name":"firestore"},"message":"Jun 30, 2025 1:42:36 AM io.gapi.emulators.netty.HttpVersionRoutingHandler channelRead\nINFO: Detected non-HTTP/2 connection.\n"}}
[debug] [2025-06-29T20:12:37.108Z] Jun 30, 2025 1:42:37 AM io.gapi.emulators.netty.HttpVersionRoutingHandler channelRead
INFO: Detected non-HTTP/2 connection.
 {"metadata":{"emulator":{"name":"firestore"},"message":"Jun 30, 2025 1:42:37 AM io.gapi.emulators.netty.HttpVersionRoutingHandler channelRead\nINFO: Detected non-HTTP/2 connection.\n"}}
[debug] [2025-06-29T20:12:46.009Z] Jun 30, 2025 1:42:46 AM io.gapi.emulators.netty.HttpVersionRoutingHandler channelRead
INFO: Detected non-HTTP/2 connection.
 {"metadata":{"emulator":{"name":"firestore"},"message":"Jun 30, 2025 1:42:46 AM io.gapi.emulators.netty.HttpVersionRoutingHandler channelRead\nINFO: Detected non-HTTP/2 connection.\n"}}
[debug] [2025-06-29T20:12:46.732Z] Jun 30, 2025 1:42:46 AM io.gapi.emulators.netty.HttpVersionRoutingHandler channelRead
INFO: Detected non-HTTP/2 connection.
 {"metadata":{"emulator":{"name":"firestore"},"message":"Jun 30, 2025 1:42:46 AM io.gapi.emulators.netty.HttpVersionRoutingHandler channelRead\nINFO: Detected non-HTTP/2 connection.\n"}}
[debug] [2025-06-29T20:12:46.768Z] Jun 30, 2025 1:42:46 AM io.gapi.emulators.netty.HttpVersionRoutingHandler channelRead
INFO: Detected non-HTTP/2 connection.
 {"metadata":{"emulator":{"name":"firestore"},"message":"Jun 30, 2025 1:42:46 AM io.gapi.emulators.netty.HttpVersionRoutingHandler channelRead\nINFO: Detected non-HTTP/2 connection.\n"}}
[debug] [2025-06-29T20:12:46.821Z] Jun 30, 2025 1:42:46 AM io.gapi.emulators.netty.HttpVersionRoutingHandler channelRead
INFO: Detected non-HTTP/2 connection.
 {"metadata":{"emulator":{"name":"firestore"},"message":"Jun 30, 2025 1:42:46 AM io.gapi.emulators.netty.HttpVersionRoutingHandler channelRead\nINFO: Detected non-HTTP/2 connection.\n"}}
[debug] [2025-06-29T20:13:33.729Z] Jun 30, 2025 1:43:33 AM io.gapi.emulators.netty.HttpVersionRoutingHandler channelRead
INFO: Detected non-HTTP/2 connection.
 {"metadata":{"emulator":{"name":"firestore"},"message":"Jun 30, 2025 1:43:33 AM io.gapi.emulators.netty.HttpVersionRoutingHandler channelRead\nINFO: Detected non-HTTP/2 connection.\n"}}
[debug] [2025-06-29T20:13:33.742Z] Jun 30, 2025 1:43:33 AM com.google.cloud.datastore.emulator.firestore.webchannel.FirestoreV1WebChannelAdapter$FirestoreListenHandler onClose
INFO: channel closed
 {"metadata":{"emulator":{"name":"firestore"},"message":"Jun 30, 2025 1:43:33 AM com.google.cloud.datastore.emulator.firestore.webchannel.FirestoreV1WebChannelAdapter$FirestoreListenHandler onClose\nINFO: channel closed\n"}}
[debug] [2025-06-29T20:13:37.097Z] Jun 30, 2025 1:43:37 AM io.gapi.emulators.netty.HttpVersionRoutingHandler channelRead
INFO: Detected non-HTTP/2 connection.
 {"metadata":{"emulator":{"name":"firestore"},"message":"Jun 30, 2025 1:43:37 AM io.gapi.emulators.netty.HttpVersionRoutingHandler channelRead\nINFO: Detected non-HTTP/2 connection.\n"}}
[debug] [2025-06-29T20:13:37.261Z] Jun 30, 2025 1:43:37 AM io.gapi.emulators.netty.HttpVersionRoutingHandler channelRead
INFO: Detected non-HTTP/2 connection.
 {"metadata":{"emulator":{"name":"firestore"},"message":"Jun 30, 2025 1:43:37 AM io.gapi.emulators.netty.HttpVersionRoutingHandler channelRead\nINFO: Detected non-HTTP/2 connection.\n"}}
[debug] [2025-06-29T20:13:37.409Z] Jun 30, 2025 1:43:37 AM io.gapi.emulators.netty.HttpVersionRoutingHandler channelRead
INFO: Detected non-HTTP/2 connection.
 {"metadata":{"emulator":{"name":"firestore"},"message":"Jun 30, 2025 1:43:37 AM io.gapi.emulators.netty.HttpVersionRoutingHandler channelRead\nINFO: Detected non-HTTP/2 connection.\n"}}
[debug] [2025-06-29T20:13:39.616Z] Jun 30, 2025 1:43:39 AM io.gapi.emulators.netty.HttpVersionRoutingHandler channelRead
INFO: Detected non-HTTP/2 connection.
 {"metadata":{"emulator":{"name":"firestore"},"message":"Jun 30, 2025 1:43:39 AM io.gapi.emulators.netty.HttpVersionRoutingHandler channelRead\nINFO: Detected non-HTTP/2 connection.\n"}}
[debug] [2025-06-29T20:13:39.622Z] Jun 30, 2025 1:43:39 AM com.google.cloud.datastore.emulator.firestore.webchannel.FirestoreV1WebChannelAdapter$FirestoreListenHandler onClose
INFO: channel closed
 {"metadata":{"emulator":{"name":"firestore"},"message":"Jun 30, 2025 1:43:39 AM com.google.cloud.datastore.emulator.firestore.webchannel.FirestoreV1WebChannelAdapter$FirestoreListenHandler onClose\nINFO: channel closed\n"}}
[debug] [2025-06-29T20:13:42.479Z] Jun 30, 2025 1:43:42 AM io.gapi.emulators.netty.HttpVersionRoutingHandler channelRead
INFO: Detected non-HTTP/2 connection.
 {"metadata":{"emulator":{"name":"firestore"},"message":"Jun 30, 2025 1:43:42 AM io.gapi.emulators.netty.HttpVersionRoutingHandler channelRead\nINFO: Detected non-HTTP/2 connection.\n"}}
[debug] [2025-06-29T20:13:42.497Z] Jun 30, 2025 1:43:42 AM io.gapi.emulators.netty.HttpVersionRoutingHandler channelRead
INFO: Detected non-HTTP/2 connection.
 {"metadata":{"emulator":{"name":"firestore"},"message":"Jun 30, 2025 1:43:42 AM io.gapi.emulators.netty.HttpVersionRoutingHandler channelRead\nINFO: Detected non-HTTP/2 connection.\n"}}
[debug] [2025-06-29T20:13:42.536Z] Jun 30, 2025 1:43:42 AM io.gapi.emulators.netty.HttpVersionRoutingHandler channelRead
INFO: Detected non-HTTP/2 connection.
 {"metadata":{"emulator":{"name":"firestore"},"message":"Jun 30, 2025 1:43:42 AM io.gapi.emulators.netty.HttpVersionRoutingHandler channelRead\nINFO: Detected non-HTTP/2 connection.\n"}}
[debug] [2025-06-29T20:13:48.184Z] Jun 30, 2025 1:43:48 AM io.gapi.emulators.netty.HttpVersionRoutingHandler channelRead
INFO: Detected non-HTTP/2 connection.
 {"metadata":{"emulator":{"name":"firestore"},"message":"Jun 30, 2025 1:43:48 AM io.gapi.emulators.netty.HttpVersionRoutingHandler channelRead\nINFO: Detected non-HTTP/2 connection.\n"}}
[debug] [2025-06-29T20:13:48.961Z] Jun 30, 2025 1:43:48 AM io.gapi.emulators.netty.HttpVersionRoutingHandler channelRead
INFO: Detected non-HTTP/2 connection.
 {"metadata":{"emulator":{"name":"firestore"},"message":"Jun 30, 2025 1:43:48 AM io.gapi.emulators.netty.HttpVersionRoutingHandler channelRead\nINFO: Detected non-HTTP/2 connection.\n"}}
[debug] [2025-06-29T20:13:49.011Z] Jun 30, 2025 1:43:49 AM io.gapi.emulators.netty.HttpVersionRoutingHandler channelRead
INFO: Detected non-HTTP/2 connection.
 {"metadata":{"emulator":{"name":"firestore"},"message":"Jun 30, 2025 1:43:49 AM io.gapi.emulators.netty.HttpVersionRoutingHandler channelRead\nINFO: Detected non-HTTP/2 connection.\n"}}
[debug] [2025-06-29T20:13:49.036Z] Jun 30, 2025 1:43:49 AM io.gapi.emulators.netty.HttpVersionRoutingHandler channelRead
INFO: Detected non-HTTP/2 connection.
 {"metadata":{"emulator":{"name":"firestore"},"message":"Jun 30, 2025 1:43:49 AM io.gapi.emulators.netty.HttpVersionRoutingHandler channelRead\nINFO: Detected non-HTTP/2 connection.\n"}}
[debug] [2025-06-29T20:14:49.079Z] Jun 30, 2025 1:44:49 AM io.gapi.emulators.netty.HttpVersionRoutingHandler channelRead
INFO: Detected non-HTTP/2 connection.
 {"metadata":{"emulator":{"name":"firestore"},"message":"Jun 30, 2025 1:44:49 AM io.gapi.emulators.netty.HttpVersionRoutingHandler channelRead\nINFO: Detected non-HTTP/2 connection.\n"}}
[debug] [2025-06-29T20:14:49.097Z] Jun 30, 2025 1:44:49 AM com.google.cloud.datastore.emulator.firestore.webchannel.FirestoreV1WebChannelAdapter$FirestoreListenHandler onClose
INFO: channel closed
 {"metadata":{"emulator":{"name":"firestore"},"message":"Jun 30, 2025 1:44:49 AM com.google.cloud.datastore.emulator.firestore.webchannel.FirestoreV1WebChannelAdapter$FirestoreListenHandler onClose\nINFO: channel closed\n"}}
[debug] [2025-06-29T20:15:55.258Z] Jun 30, 2025 1:45:55 AM io.gapi.emulators.netty.HttpVersionRoutingHandler channelRead
INFO: Detected non-HTTP/2 connection.
 {"metadata":{"emulator":{"name":"firestore"},"message":"Jun 30, 2025 1:45:55 AM io.gapi.emulators.netty.HttpVersionRoutingHandler channelRead\nINFO: Detected non-HTTP/2 connection.\n"}}
[debug] [2025-06-29T20:15:55.440Z] Jun 30, 2025 1:45:55 AM io.gapi.emulators.netty.HttpVersionRoutingHandler channelRead
INFO: Detected non-HTTP/2 connection.
 {"metadata":{"emulator":{"name":"firestore"},"message":"Jun 30, 2025 1:45:55 AM io.gapi.emulators.netty.HttpVersionRoutingHandler channelRead\nINFO: Detected non-HTTP/2 connection.\n"}}
[debug] [2025-06-29T20:15:55.565Z] Jun 30, 2025 1:45:55 AM io.gapi.emulators.netty.HttpVersionRoutingHandler channelRead
INFO: Detected non-HTTP/2 connection.
 {"metadata":{"emulator":{"name":"firestore"},"message":"Jun 30, 2025 1:45:55 AM io.gapi.emulators.netty.HttpVersionRoutingHandler channelRead\nINFO: Detected non-HTTP/2 connection.\n"}}
[debug] [2025-06-29T20:16:55.678Z] Jun 30, 2025 1:46:55 AM io.gapi.emulators.netty.HttpVersionRoutingHandler channelRead
INFO: Detected non-HTTP/2 connection.
 {"metadata":{"emulator":{"name":"firestore"},"message":"Jun 30, 2025 1:46:55 AM io.gapi.emulators.netty.HttpVersionRoutingHandler channelRead\nINFO: Detected non-HTTP/2 connection.\n"}}
[debug] [2025-06-29T20:16:55.707Z] Jun 30, 2025 1:46:55 AM com.google.cloud.datastore.emulator.firestore.webchannel.FirestoreV1WebChannelAdapter$FirestoreListenHandler onClose
INFO: channel closed
 {"metadata":{"emulator":{"name":"firestore"},"message":"Jun 30, 2025 1:46:55 AM com.google.cloud.datastore.emulator.firestore.webchannel.FirestoreV1WebChannelAdapter$FirestoreListenHandler onClose\nINFO: channel closed\n"}}
[debug] [2025-06-29T20:18:49.419Z] Jun 30, 2025 1:48:49 AM io.gapi.emulators.netty.HttpVersionRoutingHandler channelRead
INFO: Detected non-HTTP/2 connection.
 {"metadata":{"emulator":{"name":"firestore"},"message":"Jun 30, 2025 1:48:49 AM io.gapi.emulators.netty.HttpVersionRoutingHandler channelRead\nINFO: Detected non-HTTP/2 connection.\n"}}
[debug] [2025-06-29T20:18:49.610Z] Jun 30, 2025 1:48:49 AM io.gapi.emulators.netty.HttpVersionRoutingHandler channelRead
INFO: Detected non-HTTP/2 connection.
 {"metadata":{"emulator":{"name":"firestore"},"message":"Jun 30, 2025 1:48:49 AM io.gapi.emulators.netty.HttpVersionRoutingHandler channelRead\nINFO: Detected non-HTTP/2 connection.\n"}}
[debug] [2025-06-29T20:18:49.743Z] Jun 30, 2025 1:48:49 AM io.gapi.emulators.netty.HttpVersionRoutingHandler channelRead
INFO: Detected non-HTTP/2 connection.
 {"metadata":{"emulator":{"name":"firestore"},"message":"Jun 30, 2025 1:48:49 AM io.gapi.emulators.netty.HttpVersionRoutingHandler channelRead\nINFO: Detected non-HTTP/2 connection.\n"}}
[debug] [2025-06-29T20:19:49.778Z] Jun 30, 2025 1:49:49 AM io.gapi.emulators.netty.HttpVersionRoutingHandler channelRead
INFO: Detected non-HTTP/2 connection.
 {"metadata":{"emulator":{"name":"firestore"},"message":"Jun 30, 2025 1:49:49 AM io.gapi.emulators.netty.HttpVersionRoutingHandler channelRead\nINFO: Detected non-HTTP/2 connection.\n"}}
[debug] [2025-06-29T20:19:49.808Z] Jun 30, 2025 1:49:49 AM com.google.cloud.datastore.emulator.firestore.webchannel.FirestoreV1WebChannelAdapter$FirestoreListenHandler onClose
INFO: channel closed
 {"metadata":{"emulator":{"name":"firestore"},"message":"Jun 30, 2025 1:49:49 AM com.google.cloud.datastore.emulator.firestore.webchannel.FirestoreV1WebChannelAdapter$FirestoreListenHandler onClose\nINFO: channel closed\n"}}
[debug] [2025-06-29T20:20:11.790Z] Jun 30, 2025 1:50:11 AM io.gapi.emulators.netty.HttpVersionRoutingHandler channelRead
INFO: Detected non-HTTP/2 connection.
 {"metadata":{"emulator":{"name":"firestore"},"message":"Jun 30, 2025 1:50:11 AM io.gapi.emulators.netty.HttpVersionRoutingHandler channelRead\nINFO: Detected non-HTTP/2 connection.\n"}}
[debug] [2025-06-29T20:20:11.954Z] Jun 30, 2025 1:50:11 AM io.gapi.emulators.netty.HttpVersionRoutingHandler channelRead
INFO: Detected non-HTTP/2 connection.
 {"metadata":{"emulator":{"name":"firestore"},"message":"Jun 30, 2025 1:50:11 AM io.gapi.emulators.netty.HttpVersionRoutingHandler channelRead\nINFO: Detected non-HTTP/2 connection.\n"}}
[debug] [2025-06-29T20:20:12.037Z] Jun 30, 2025 1:50:12 AM io.gapi.emulators.netty.HttpVersionRoutingHandler channelRead
INFO: Detected non-HTTP/2 connection.
 {"metadata":{"emulator":{"name":"firestore"},"message":"Jun 30, 2025 1:50:12 AM io.gapi.emulators.netty.HttpVersionRoutingHandler channelRead\nINFO: Detected non-HTTP/2 connection.\n"}}
[debug] [2025-06-29T20:21:12.071Z] Jun 30, 2025 1:51:12 AM io.gapi.emulators.netty.HttpVersionRoutingHandler channelRead
INFO: Detected non-HTTP/2 connection.
 {"metadata":{"emulator":{"name":"firestore"},"message":"Jun 30, 2025 1:51:12 AM io.gapi.emulators.netty.HttpVersionRoutingHandler channelRead\nINFO: Detected non-HTTP/2 connection.\n"}}
[debug] [2025-06-29T20:21:12.075Z] Jun 30, 2025 1:51:12 AM com.google.cloud.datastore.emulator.firestore.webchannel.FirestoreV1WebChannelAdapter$FirestoreListenHandler onClose
INFO: channel closed
 {"metadata":{"emulator":{"name":"firestore"},"message":"Jun 30, 2025 1:51:12 AM com.google.cloud.datastore.emulator.firestore.webchannel.FirestoreV1WebChannelAdapter$FirestoreListenHandler onClose\nINFO: channel closed\n"}}
[debug] [2025-06-29T20:26:31.761Z] Jun 30, 2025 1:56:31 AM io.gapi.emulators.netty.HttpVersionRoutingHandler channelRead
INFO: Detected non-HTTP/2 connection.
 {"metadata":{"emulator":{"name":"firestore"},"message":"Jun 30, 2025 1:56:31 AM io.gapi.emulators.netty.HttpVersionRoutingHandler channelRead\nINFO: Detected non-HTTP/2 connection.\n"}}
[debug] [2025-06-29T20:26:31.858Z] Jun 30, 2025 1:56:31 AM io.gapi.emulators.netty.HttpVersionRoutingHandler channelRead
INFO: Detected non-HTTP/2 connection.
 {"metadata":{"emulator":{"name":"firestore"},"message":"Jun 30, 2025 1:56:31 AM io.gapi.emulators.netty.HttpVersionRoutingHandler channelRead\nINFO: Detected non-HTTP/2 connection.\n"}}
[debug] [2025-06-29T20:26:31.874Z] Jun 30, 2025 1:56:31 AM io.gapi.emulators.netty.HttpVersionRoutingHandler channelRead
INFO: Detected non-HTTP/2 connection.
 {"metadata":{"emulator":{"name":"firestore"},"message":"Jun 30, 2025 1:56:31 AM io.gapi.emulators.netty.HttpVersionRoutingHandler channelRead\nINFO: Detected non-HTTP/2 connection.\n"}}
[debug] [2025-06-29T20:26:31.878Z] Jun 30, 2025 1:56:31 AM io.gapi.emulators.netty.HttpVersionRoutingHandler channelRead
INFO: Detected non-HTTP/2 connection.
 {"metadata":{"emulator":{"name":"firestore"},"message":"Jun 30, 2025 1:56:31 AM io.gapi.emulators.netty.HttpVersionRoutingHandler channelRead\nINFO: Detected non-HTTP/2 connection.\n"}}
[debug] [2025-06-29T20:26:31.891Z] Jun 30, 2025 1:56:31 AM io.gapi.emulators.netty.HttpVersionRoutingHandler channelRead
INFO: Detected non-HTTP/2 connection.
 {"metadata":{"emulator":{"name":"firestore"},"message":"Jun 30, 2025 1:56:31 AM io.gapi.emulators.netty.HttpVersionRoutingHandler channelRead\nINFO: Detected non-HTTP/2 connection.\n"}}
[debug] [2025-06-29T20:26:31.899Z] Jun 30, 2025 1:56:31 AM io.gapi.emulators.netty.HttpVersionRoutingHandler channelRead
INFO: Detected non-HTTP/2 connection.
 {"metadata":{"emulator":{"name":"firestore"},"message":"Jun 30, 2025 1:56:31 AM io.gapi.emulators.netty.HttpVersionRoutingHandler channelRead\nINFO: Detected non-HTTP/2 connection.\n"}}
[debug] [2025-06-29T20:26:56.029Z] Jun 30, 2025 1:56:56 AM io.gapi.emulators.netty.HttpVersionRoutingHandler channelRead
INFO: Detected non-HTTP/2 connection.
 {"metadata":{"emulator":{"name":"firestore"},"message":"Jun 30, 2025 1:56:56 AM io.gapi.emulators.netty.HttpVersionRoutingHandler channelRead\nINFO: Detected non-HTTP/2 connection.\n"}}
[debug] [2025-06-29T20:26:56.034Z] Jun 30, 2025 1:56:56 AM io.gapi.emulators.netty.HttpVersionRoutingHandler channelRead
INFO: Detected non-HTTP/2 connection.
 {"metadata":{"emulator":{"name":"firestore"},"message":"Jun 30, 2025 1:56:56 AM io.gapi.emulators.netty.HttpVersionRoutingHandler channelRead\nINFO: Detected non-HTTP/2 connection.\n"}}
[debug] [2025-06-29T20:26:56.047Z] Jun 30, 2025 1:56:56 AM com.google.cloud.datastore.emulator.firestore.webchannel.FirestoreV1WebChannelAdapter$FirestoreListenHandler onClose
INFO: channel closed
Jun 30, 2025 1:56:56 AM com.google.cloud.datastore.emulator.firestore.webchannel.FirestoreV1WebChannelAdapter$FirestoreWriteHandler onClose
INFO: channel closed
 {"metadata":{"emulator":{"name":"firestore"},"message":"Jun 30, 2025 1:56:56 AM com.google.cloud.datastore.emulator.firestore.webchannel.FirestoreV1WebChannelAdapter$FirestoreListenHandler onClose\nINFO: channel closed\nJun 30, 2025 1:56:56 AM com.google.cloud.datastore.emulator.firestore.webchannel.FirestoreV1WebChannelAdapter$FirestoreWriteHandler onClose\nINFO: channel closed\n"}}
